# JRE version: Java(TM) SE Runtime Environment (8.0_144-b01) (build 1.8.0_144-b01)
# Java VM: Java HotSpot(TM) 64-Bit Server VM (25.144-b01 mixed mode windows-amd64 compressed oops)
Heap:
 PSYoungGen      total 82944K, used 34138K [0x00000007b4000000, 0x00000007bb080000, 0x00000007c0000000)
  eden space 54784K, 15% used [0x00000007b4000000,0x00000007b48092c0,0x00000007b7580000)
  from space 28160K, 92% used [0x00000007b9500000,0x00000007bae4d820,0x00000007bb080000)
  to   space 24064K, 0% used [0x00000007b7580000,0x00000007b7580000,0x00000007b8d00000)
 ParOldGen       total 69632K, used 53423K [0x0000000790000000, 0x0000000794400000, 0x00000007b4000000)
  object space 69632K, 76% used [0x0000000790000000,0x000000079342beb0,0x0000000794400000)
 Metaspace       used 60913K, capacity 61336K, committed 61952K, reserved 1101824K
  class space    used 9497K, capacity 9641K, committed 9728K, reserved 1048576K
GC Heap History (10 events):
Event: 59.189 GC heap before
{Heap before GC invocations=42 (full 3):
 PSYoungGen      total 64000K, used 60139K [0x00000007b4000000, 0x00000007b8e00000, 0x00000007c0000000)
  eden space 50176K, 100% used [0x00000007b4000000,0x00000007b7100000,0x00000007b7100000)
  from space 13824K, 72% used [0x00000007b8000000,0x00000007b89bae28,0x00000007b8d80000)
  to   space 14848K, 0% used [0x00000007b7100000,0x00000007b7100000,0x00000007b7f80000)
 ParOldGen       total 69632K, used 51296K [0x0000000790000000, 0x0000000794400000, 0x00000007b4000000)
  object space 69632K, 73% used [0x0000000790000000,0x0000000793218098,0x0000000794400000)
 Metaspace       used 53425K, capacity 53834K, committed 54400K, reserved 1095680K
  class space    used 8415K, capacity 8538K, committed 8576K, reserved 1048576K
Event: 59.194 GC heap after
Heap after GC invocations=42 (full 3):
 PSYoungGen      total 65024K, used 13026K [0x00000007b4000000, 0x00000007b9780000, 0x00000007c0000000)
  eden space 50176K, 0% used [0x00000007b4000000,0x00000007b4000000,0x00000007b7100000)
  from space 14848K, 87% used [0x00000007b7100000,0x00000007b7db8be8,0x00000007b7f80000)
  to   space 16896K, 0% used [0x00000007b8700000,0x00000007b8700000,0x00000007b9780000)
 ParOldGen       total 69632K, used 51304K [0x0000000790000000, 0x0000000794400000, 0x00000007b4000000)
  object space 69632K, 73% used [0x0000000790000000,0x000000079321a098,0x0000000794400000)
 Metaspace       used 53425K, capacity 53834K, committed 54400K, reserved 1095680K
  class space    used 8415K, capacity 8538K, committed 8576K, reserved 1048576K
}
Event: 60.810 GC heap before
{Heap before GC invocations=43 (full 3):
 PSYoungGen      total 65024K, used 63202K [0x00000007b4000000, 0x00000007b9780000, 0x00000007c0000000)
  eden space 50176K, 100% used [0x00000007b4000000,0x00000007b7100000,0x00000007b7100000)
  from space 14848K, 87% used [0x00000007b7100000,0x00000007b7db8be8,0x00000007b7f80000)
  to   space 16896K, 0% used [0x00000007b8700000,0x00000007b8700000,0x00000007b9780000)
 ParOldGen       total 69632K, used 51304K [0x0000000790000000, 0x0000000794400000, 0x00000007b4000000)
  object space 69632K, 73% used [0x0000000790000000,0x000000079321a098,0x0000000794400000)
 Metaspace       used 56104K, capacity 56490K, committed 56832K, reserved 1097728K
  class space    used 8850K, capacity 8954K, committed 8960K, reserved 1048576K
Event: 60.816 GC heap after
Heap after GC invocations=43 (full 3):
 PSYoungGen      total 71168K, used 13594K [0x00000007b4000000, 0x00000007b9a00000, 0x00000007c0000000)
  eden space 54272K, 0% used [0x00000007b4000000,0x00000007b4000000,0x00000007b7500000)
  from space 16896K, 80% used [0x00000007b8700000,0x00000007b9446bc8,0x00000007b9780000)
  to   space 18432K, 0% used [0x00000007b7500000,0x00000007b7500000,0x00000007b8700000)
 ParOldGen       total 69632K, used 51312K [0x0000000790000000, 0x0000000794400000, 0x00000007b4000000)
  object space 69632K, 73% used [0x0000000790000000,0x000000079321c098,0x0000000794400000)
 Metaspace       used 56104K, capacity 56490K, committed 56832K, reserved 1097728K
  class space    used 8850K, capacity 8954K, committed 8960K, reserved 1048576K
}
Event: 62.758 GC heap before
{Heap before GC invocations=44 (full 3):
 PSYoungGen      total 71168K, used 67866K [0x00000007b4000000, 0x00000007b9a00000, 0x00000007c0000000)
  eden space 54272K, 100% used [0x00000007b4000000,0x00000007b7500000,0x00000007b7500000)
  from space 16896K, 80% used [0x00000007b8700000,0x00000007b9446bc8,0x00000007b9780000)
  to   space 18432K, 0% used [0x00000007b7500000,0x00000007b7500000,0x00000007b8700000)
 ParOldGen       total 69632K, used 51312K [0x0000000790000000, 0x0000000794400000, 0x00000007b4000000)
  object space 69632K, 73% used [0x0000000790000000,0x000000079321c098,0x0000000794400000)
 Metaspace       used 56791K, capacity 57162K, committed 57728K, reserved 1097728K
  class space    used 8949K, capacity 9050K, committed 9088K, reserved 1048576K
Event: 62.763 GC heap after
Heap after GC invocations=44 (full 3):
 PSYoungGen      total 72704K, used 14393K [0x00000007b4000000, 0x00000007ba080000, 0x00000007c0000000)
  eden space 54272K, 0% used [0x00000007b4000000,0x00000007b4000000,0x00000007b7500000)
  from space 18432K, 78% used [0x00000007b7500000,0x00000007b830e630,0x00000007b8700000)
  to   space 19968K, 0% used [0x00000007b8d00000,0x00000007b8d00000,0x00000007ba080000)
 ParOldGen       total 69632K, used 51320K [0x0000000790000000, 0x0000000794400000, 0x00000007b4000000)
  object space 69632K, 73% used [0x0000000790000000,0x000000079321e098,0x0000000794400000)
 Metaspace       used 56791K, capacity 57162K, committed 57728K, reserved 1097728K
  class space    used 8949K, capacity 9050K, committed 9088K, reserved 1048576K
}
Event: 65.854 GC heap before
{Heap before GC invocations=45 (full 3):
 PSYoungGen      total 72704K, used 68665K [0x00000007b4000000, 0x00000007ba080000, 0x00000007c0000000)
  eden space 54272K, 100% used [0x00000007b4000000,0x00000007b7500000,0x00000007b7500000)
  from space 18432K, 78% used [0x00000007b7500000,0x00000007b830e630,0x00000007b8700000)
  to   space 19968K, 0% used [0x00000007b8d00000,0x00000007b8d00000,0x00000007ba080000)
 ParOldGen       total 69632K, used 51320K [0x0000000790000000, 0x0000000794400000, 0x00000007b4000000)
  object space 69632K, 73% used [0x0000000790000000,0x000000079321e098,0x0000000794400000)
 Metaspace       used 58497K, capacity 58940K, committed 59520K, reserved 1099776K
  class space    used 9216K, capacity 9341K, committed 9344K, reserved 1048576K
Event: 65.864 GC heap after
Heap after GC invocations=45 (full 3):
 PSYoungGen      total 74752K, used 19947K [0x00000007b4000000, 0x00000007ba800000, 0x00000007c0000000)
  eden space 54784K, 0% used [0x00000007b4000000,0x00000007b4000000,0x00000007b7580000)
  from space 19968K, 99% used [0x00000007b8d00000,0x00000007ba07af90,0x00000007ba080000)
  to   space 24064K, 0% used [0x00000007b7580000,0x00000007b7580000,0x00000007b8d00000)
 ParOldGen       total 69632K, used 53407K [0x0000000790000000, 0x0000000794400000, 0x00000007b4000000)
  object space 69632K, 76% used [0x0000000790000000,0x0000000793427eb0,0x0000000794400000)
 Metaspace       used 58497K, capacity 58940K, committed 59520K, reserved 1099776K
  class space    used 9216K, capacity 9341K, committed 9344K, reserved 1048576K
}
Event: 68.116 GC heap before
{Heap before GC invocations=46 (full 3):
 PSYoungGen      total 74752K, used 74731K [0x00000007b4000000, 0x00000007ba800000, 0x00000007c0000000)
  eden space 54784K, 100% used [0x00000007b4000000,0x00000007b7580000,0x00000007b7580000)
  from space 19968K, 99% used [0x00000007b8d00000,0x00000007ba07af90,0x00000007ba080000)
  to   space 24064K, 0% used [0x00000007b7580000,0x00000007b7580000,0x00000007b8d00000)
 ParOldGen       total 69632K, used 53407K [0x0000000790000000, 0x0000000794400000, 0x00000007b4000000)
  object space 69632K, 76% used [0x0000000790000000,0x0000000793427eb0,0x0000000794400000)
 Metaspace       used 60857K, capacity 61336K, committed 61952K, reserved 1101824K
  class space    used 9496K, capacity 9641K, committed 9728K, reserved 1048576K
Event: 68.125 GC heap after
Heap after GC invocations=46 (full 3):
 PSYoungGen      total 78848K, used 23852K [0x00000007b4000000, 0x00000007bb080000, 0x00000007c0000000)
  eden space 54784K, 0% used [0x00000007b4000000,0x00000007b4000000,0x00000007b7580000)
  from space 24064K, 99% used [0x00000007b7580000,0x00000007b8ccb0c0,0x00000007b8d00000)
  to   space 28160K, 0% used [0x00000007b9500000,0x00000007b9500000,0x00000007bb080000)
 ParOldGen       total 69632K, used 53415K [0x0000000790000000, 0x0000000794400000, 0x00000007b4000000)
  object space 69632K, 76% used [0x0000000790000000,0x0000000793429eb0,0x0000000794400000)
 Metaspace       used 60857K, capacity 61336K, committed 61952K, reserved 1101824K
  class space    used 9496K, capacity 9641K, committed 9728K, reserved 1048576K
}

